{"C:\\Users\\bilal737\\Desktop\\dev\\stellar-burgers\\src\\services\\store.ts": {"path":"C:\\Users\\bilal737\\Desktop\\dev\\stellar-burgers\\src\\services\\store.ts","statementMap":{"0":{"start":{"line":1,"column":0},"end":{"line":1,"column":50}},"1":{"start":{"line":2,"column":0},"end":{"line":2,"column":null}},"2":{"start":{"line":8,"column":0},"end":{"line":8,"column":59}},"3":{"start":{"line":9,"column":0},"end":{"line":9,"column":59}},"4":{"start":{"line":10,"column":0},"end":{"line":10,"column":45}},"5":{"start":{"line":11,"column":0},"end":{"line":11,"column":49}},"6":{"start":{"line":12,"column":0},"end":{"line":12,"column":45}},"7":{"start":{"line":14,"column":14},"end":{"line":23,"column":2}},"8":{"start":{"line":28,"column":46},"end":{"line":28,"column":64}},"9":{"start":{"line":28,"column":52},"end":{"line":28,"column":67}},"10":{"start":{"line":28,"column":13},"end":{"line":28,"column":46}},"11":{"start":{"line":29,"column":13},"end":{"line":29,"column":73}},"12":{"start":{"line":31,"column":0},"end":{"line":31,"column":21}}},"fnMap":{"0":{"name":"(anonymous_1)","decl":{"start":{"line":28,"column":46},"end":{"line":28,"column":52}},"loc":{"start":{"line":28,"column":46},"end":{"line":28,"column":64}}}},"branchMap":{},"s":{"0":1,"1":1,"2":1,"3":1,"4":1,"5":1,"6":1,"7":1,"8":1,"9":0,"10":1,"11":1,"12":1},"f":{"0":0},"b":{}}
,"C:\\Users\\bilal737\\Desktop\\dev\\stellar-burgers\\src\\services\\slices\\constructorSlice.ts": {"path":"C:\\Users\\bilal737\\Desktop\\dev\\stellar-burgers\\src\\services\\slices\\constructorSlice.ts","statementMap":{"0":{"start":{"line":1,"column":0},"end":{"line":1,"column":80}},"1":{"start":{"line":2,"column":0},"end":{"line":2,"column":38}},"2":{"start":{"line":5,"column":0},"end":{"line":5,"column":36}},"3":{"start":{"line":17,"column":40},"end":{"line":25,"column":2}},"4":{"start":{"line":27,"column":13},"end":{"line":33,"column":2}},"5":{"start":{"line":29,"column":32},"end":{"line":32,"column":null}},"6":{"start":{"line":30,"column":17},"end":{"line":30,"column":null}},"7":{"start":{"line":30,"column":10},"end":{"line":30,"column":null}},"8":{"start":{"line":31,"column":4},"end":{"line":31,"column":16}},"9":{"start":{"line":35,"column":25},"end":{"line":91,"column":2}},"10":{"start":{"line":41,"column":8},"end":{"line":45,"column":9}},"11":{"start":{"line":42,"column":10},"end":{"line":42,"column":54}},"12":{"start":{"line":44,"column":10},"end":{"line":44,"column":66}},"13":{"start":{"line":47,"column":44},"end":{"line":49,"column":null}},"14":{"start":{"line":52,"column":6},"end":{"line":55,"column":10}},"15":{"start":{"line":54,"column":20},"end":{"line":54,"column":null}},"16":{"start":{"line":61,"column":37},"end":{"line":61,"column":51}},"17":{"start":{"line":61,"column":23},"end":{"line":61,"column":25}},"18":{"start":{"line":61,"column":32},"end":{"line":61,"column":37}},"19":{"start":{"line":62,"column":20},"end":{"line":62,"column":54}},"20":{"start":{"line":63,"column":22},"end":{"line":63,"column":49}},"21":{"start":{"line":64,"column":6},"end":{"line":64,"column":38}},"22":{"start":{"line":67,"column":6},"end":{"line":67,"column":62}},"23":{"start":{"line":68,"column":6},"end":{"line":68,"column":34}},"24":{"start":{"line":71,"column":6},"end":{"line":71,"column":34}},"25":{"start":{"line":72,"column":6},"end":{"line":72,"column":33}},"26":{"start":{"line":76,"column":4},"end":{"line":89,"column":9}},"27":{"start":{"line":78,"column":8},"end":{"line":78,"column":34}},"28":{"start":{"line":79,"column":8},"end":{"line":79,"column":27}},"29":{"start":{"line":82,"column":8},"end":{"line":82,"column":35}},"30":{"start":{"line":83,"column":8},"end":{"line":83,"column":73}},"31":{"start":{"line":84,"column":8},"end":{"line":84,"column":64}},"32":{"start":{"line":87,"column":8},"end":{"line":87,"column":35}},"33":{"start":{"line":88,"column":8},"end":{"line":88,"column":71}},"34":{"start":{"line":94,"column":2},"end":{"line":98,"column":null}},"35":{"start":{"line":101,"column":0},"end":{"line":101,"column":40}},"36":{"start":{"line":104,"column":38},"end":{"line":105,"column":7}},"37":{"start":{"line":105,"column":2},"end":{"line":105,"column":43}},"38":{"start":{"line":104,"column":13},"end":{"line":104,"column":38}},"39":{"start":{"line":106,"column":34},"end":{"line":107,"column":7}},"40":{"start":{"line":107,"column":2},"end":{"line":107,"column":39}},"41":{"start":{"line":106,"column":13},"end":{"line":106,"column":34}},"42":{"start":{"line":108,"column":36},"end":{"line":109,"column":7}},"43":{"start":{"line":109,"column":2},"end":{"line":109,"column":41}},"44":{"start":{"line":108,"column":13},"end":{"line":108,"column":36}}},"fnMap":{"0":{"name":"(anonymous_15)","decl":{"start":{"line":29,"column":2},"end":{"line":29,"column":9}},"loc":{"start":{"line":29,"column":32},"end":{"line":32,"column":null}}},"1":{"name":"(anonymous_16)","decl":{"start":{"line":29,"column":32},"end":{"line":29,"column":null}},"loc":{"start":{"line":29,"column":32},"end":{"line":32,"column":null}}},"2":{"name":"(anonymous_18)","decl":{"start":{"line":40,"column":15},"end":{"line":40,"column":16}},"loc":{"start":{"line":40,"column":68},"end":{"line":46,"column":7}}},"3":{"name":"(anonymous_19)","decl":{"start":{"line":47,"column":15},"end":{"line":47,"column":16}},"loc":{"start":{"line":47,"column":39},"end":{"line":47,"column":45}}},"4":{"name":"(anonymous_20)","decl":{"start":{"line":51,"column":22},"end":{"line":51,"column":23}},"loc":{"start":{"line":51,"column":59},"end":{"line":56,"column":5}}},"5":{"name":"(anonymous_21)","decl":{"start":{"line":54,"column":10},"end":{"line":54,"column":11}},"loc":{"start":{"line":54,"column":15},"end":{"line":54,"column":24}}},"6":{"name":"(anonymous_22)","decl":{"start":{"line":57,"column":20},"end":{"line":57,"column":null}},"loc":{"start":{"line":59,"column":67},"end":{"line":65,"column":5}}},"7":{"name":"(anonymous_23)","decl":{"start":{"line":66,"column":22},"end":{"line":66,"column":23}},"loc":{"start":{"line":66,"column":28},"end":{"line":69,"column":5}}},"8":{"name":"(anonymous_24)","decl":{"start":{"line":70,"column":21},"end":{"line":70,"column":22}},"loc":{"start":{"line":70,"column":27},"end":{"line":73,"column":5}}},"9":{"name":"(anonymous_25)","decl":{"start":{"line":75,"column":17},"end":{"line":75,"column":18}},"loc":{"start":{"line":75,"column":25},"end":{"line":90,"column":3}}},"10":{"name":"(anonymous_26)","decl":{"start":{"line":77,"column":36},"end":{"line":77,"column":37}},"loc":{"start":{"line":77,"column":42},"end":{"line":80,"column":7}}},"11":{"name":"(anonymous_27)","decl":{"start":{"line":81,"column":38},"end":{"line":81,"column":39}},"loc":{"start":{"line":81,"column":52},"end":{"line":85,"column":7}}},"12":{"name":"(anonymous_28)","decl":{"start":{"line":86,"column":37},"end":{"line":86,"column":38}},"loc":{"start":{"line":86,"column":51},"end":{"line":89,"column":7}}},"13":{"name":"(anonymous_29)","decl":{"start":{"line":104,"column":38},"end":{"line":104,"column":39}},"loc":{"start":{"line":104,"column":55},"end":{"line":105,"column":7}}},"14":{"name":"(anonymous_30)","decl":{"start":{"line":106,"column":34},"end":{"line":106,"column":35}},"loc":{"start":{"line":106,"column":51},"end":{"line":107,"column":7}}},"15":{"name":"(anonymous_31)","decl":{"start":{"line":108,"column":36},"end":{"line":108,"column":37}},"loc":{"start":{"line":108,"column":53},"end":{"line":109,"column":7}}}},"branchMap":{"0":{"loc":{"start":{"line":30,"column":17},"end":{"line":30,"column":null}},"type":"switch","locations":[{"start":{"line":30,"column":17},"end":{"line":30,"column":null}}]},"1":{"loc":{"start":{"line":41,"column":8},"end":{"line":45,"column":9}},"type":"if","locations":[{"start":{"line":41,"column":8},"end":{"line":45,"column":9}},{"start":{"line":43,"column":15},"end":{"line":45,"column":9}}]},"2":{"loc":{"start":{"line":88,"column":22},"end":{"line":88,"column":70}},"type":"binary-expr","locations":[{"start":{"line":88,"column":22},"end":{"line":88,"column":42}},{"start":{"line":88,"column":46},"end":{"line":88,"column":70}}]}},"s":{"0":2,"1":2,"2":2,"3":2,"4":2,"5":0,"6":0,"7":0,"8":0,"9":2,"10":11,"11":3,"12":8,"13":11,"14":1,"15":1,"16":2,"17":2,"18":2,"19":2,"20":2,"21":2,"22":0,"23":0,"24":0,"25":0,"26":2,"27":0,"28":0,"29":0,"30":0,"31":0,"32":0,"33":0,"34":2,"35":2,"36":2,"37":0,"38":2,"39":2,"40":0,"41":2,"42":2,"43":0,"44":2},"f":{"0":0,"1":0,"2":11,"3":11,"4":1,"5":1,"6":2,"7":0,"8":0,"9":2,"10":0,"11":0,"12":0,"13":0,"14":0,"15":0},"b":{"0":[0],"1":[3,8],"2":[0,0]}}
,"C:\\Users\\bilal737\\Desktop\\dev\\stellar-burgers\\src\\services\\slices\\feedSlice.ts": {"path":"C:\\Users\\bilal737\\Desktop\\dev\\stellar-burgers\\src\\services\\slices\\feedSlice.ts","statementMap":{"0":{"start":{"line":1,"column":0},"end":{"line":1,"column":65}},"1":{"start":{"line":2,"column":0},"end":{"line":2,"column":53}},"2":{"start":{"line":14,"column":33},"end":{"line":20,"column":2}},"3":{"start":{"line":22,"column":13},"end":{"line":25,"column":3}},"4":{"start":{"line":22,"column":62},"end":{"line":25,"column":2}},"5":{"start":{"line":23,"column":15},"end":{"line":23,"column":null}},"6":{"start":{"line":23,"column":8},"end":{"line":23,"column":null}},"7":{"start":{"line":24,"column":2},"end":{"line":24,"column":14}},"8":{"start":{"line":27,"column":18},"end":{"line":53,"column":2}},"9":{"start":{"line":32,"column":4},"end":{"line":51,"column":9}},"10":{"start":{"line":34,"column":8},"end":{"line":34,"column":31}},"11":{"start":{"line":35,"column":8},"end":{"line":35,"column":27}},"12":{"start":{"line":38,"column":8},"end":{"line":38,"column":32}},"13":{"start":{"line":39,"column":8},"end":{"line":39,"column":45}},"14":{"start":{"line":40,"column":8},"end":{"line":40,"column":43}},"15":{"start":{"line":41,"column":8},"end":{"line":41,"column":53}},"16":{"start":{"line":42,"column":8},"end":{"line":42,"column":27}},"17":{"start":{"line":45,"column":8},"end":{"line":45,"column":32}},"18":{"start":{"line":46,"column":8},"end":{"line":47,"column":71}},"19":{"start":{"line":48,"column":8},"end":{"line":48,"column":26}},"20":{"start":{"line":49,"column":8},"end":{"line":49,"column":24}},"21":{"start":{"line":50,"column":8},"end":{"line":50,"column":29}},"22":{"start":{"line":55,"column":0},"end":{"line":55,"column":33}},"23":{"start":{"line":58,"column":32},"end":{"line":58,"column":59}},"24":{"start":{"line":58,"column":54},"end":{"line":58,"column":72}},"25":{"start":{"line":58,"column":13},"end":{"line":58,"column":32}},"26":{"start":{"line":59,"column":31},"end":{"line":59,"column":58}},"27":{"start":{"line":59,"column":53},"end":{"line":59,"column":70}},"28":{"start":{"line":59,"column":13},"end":{"line":59,"column":31}},"29":{"start":{"line":60,"column":36},"end":{"line":60,"column":63}},"30":{"start":{"line":60,"column":58},"end":{"line":60,"column":80}},"31":{"start":{"line":60,"column":13},"end":{"line":60,"column":36}},"32":{"start":{"line":61,"column":33},"end":{"line":61,"column":60}},"33":{"start":{"line":61,"column":55},"end":{"line":61,"column":76}},"34":{"start":{"line":61,"column":13},"end":{"line":61,"column":33}},"35":{"start":{"line":62,"column":31},"end":{"line":62,"column":58}},"36":{"start":{"line":62,"column":53},"end":{"line":62,"column":70}},"37":{"start":{"line":62,"column":13},"end":{"line":62,"column":31}}},"fnMap":{"0":{"name":"(anonymous_13)","decl":{"start":{"line":22,"column":62},"end":{"line":22,"column":null}},"loc":{"start":{"line":22,"column":62},"end":{"line":25,"column":2}}},"1":{"name":"(anonymous_16)","decl":{"start":{"line":31,"column":17},"end":{"line":31,"column":18}},"loc":{"start":{"line":31,"column":25},"end":{"line":52,"column":3}}},"2":{"name":"(anonymous_17)","decl":{"start":{"line":33,"column":35},"end":{"line":33,"column":36}},"loc":{"start":{"line":33,"column":41},"end":{"line":36,"column":7}}},"3":{"name":"(anonymous_18)","decl":{"start":{"line":37,"column":37},"end":{"line":37,"column":38}},"loc":{"start":{"line":37,"column":51},"end":{"line":43,"column":7}}},"4":{"name":"(anonymous_19)","decl":{"start":{"line":44,"column":36},"end":{"line":44,"column":37}},"loc":{"start":{"line":44,"column":50},"end":{"line":51,"column":7}}},"5":{"name":"(anonymous_20)","decl":{"start":{"line":58,"column":32},"end":{"line":58,"column":33}},"loc":{"start":{"line":58,"column":49},"end":{"line":58,"column":59}}},"6":{"name":"(anonymous_21)","decl":{"start":{"line":59,"column":31},"end":{"line":59,"column":32}},"loc":{"start":{"line":59,"column":48},"end":{"line":59,"column":58}}},"7":{"name":"(anonymous_22)","decl":{"start":{"line":60,"column":36},"end":{"line":60,"column":37}},"loc":{"start":{"line":60,"column":53},"end":{"line":60,"column":63}}},"8":{"name":"(anonymous_23)","decl":{"start":{"line":61,"column":33},"end":{"line":61,"column":34}},"loc":{"start":{"line":61,"column":50},"end":{"line":61,"column":60}}},"9":{"name":"(anonymous_24)","decl":{"start":{"line":62,"column":31},"end":{"line":62,"column":32}},"loc":{"start":{"line":62,"column":48},"end":{"line":62,"column":58}}}},"branchMap":{"0":{"loc":{"start":{"line":23,"column":15},"end":{"line":23,"column":null}},"type":"switch","locations":[{"start":{"line":23,"column":15},"end":{"line":23,"column":null}}]},"1":{"loc":{"start":{"line":47,"column":10},"end":{"line":47,"column":70}},"type":"binary-expr","locations":[{"start":{"line":47,"column":10},"end":{"line":47,"column":30}},{"start":{"line":47,"column":34},"end":{"line":47,"column":70}}]}},"s":{"0":2,"1":2,"2":2,"3":2,"4":0,"5":0,"6":0,"7":0,"8":2,"9":2,"10":1,"11":1,"12":1,"13":1,"14":1,"15":1,"16":1,"17":1,"18":1,"19":1,"20":1,"21":1,"22":2,"23":2,"24":0,"25":2,"26":2,"27":0,"28":2,"29":2,"30":0,"31":2,"32":2,"33":0,"34":2,"35":2,"36":0,"37":2},"f":{"0":0,"1":2,"2":1,"3":1,"4":1,"5":0,"6":0,"7":0,"8":0,"9":0},"b":{"0":[0],"1":[1,0]}}
,"C:\\Users\\bilal737\\Desktop\\dev\\stellar-burgers\\src\\services\\slices\\ingredientsSlice.ts": {"path":"C:\\Users\\bilal737\\Desktop\\dev\\stellar-burgers\\src\\services\\slices\\ingredientsSlice.ts","statementMap":{"0":{"start":{"line":1,"column":0},"end":{"line":1,"column":65}},"1":{"start":{"line":2,"column":0},"end":{"line":2,"column":41}},"2":{"start":{"line":11,"column":40},"end":{"line":15,"column":2}},"3":{"start":{"line":17,"column":13},"end":{"line":23,"column":2}},"4":{"start":{"line":19,"column":2},"end":{"line":22,"column":null}},"5":{"start":{"line":20,"column":17},"end":{"line":20,"column":null}},"6":{"start":{"line":20,"column":10},"end":{"line":20,"column":null}},"7":{"start":{"line":21,"column":4},"end":{"line":21,"column":16}},"8":{"start":{"line":25,"column":24},"end":{"line":47,"column":2}},"9":{"start":{"line":30,"column":4},"end":{"line":45,"column":9}},"10":{"start":{"line":32,"column":8},"end":{"line":32,"column":31}},"11":{"start":{"line":33,"column":8},"end":{"line":33,"column":27}},"12":{"start":{"line":36,"column":8},"end":{"line":36,"column":32}},"13":{"start":{"line":37,"column":8},"end":{"line":37,"column":49}},"14":{"start":{"line":38,"column":8},"end":{"line":38,"column":27}},"15":{"start":{"line":41,"column":8},"end":{"line":41,"column":32}},"16":{"start":{"line":42,"column":8},"end":{"line":43,"column":69}},"17":{"start":{"line":44,"column":8},"end":{"line":44,"column":31}},"18":{"start":{"line":49,"column":0},"end":{"line":49,"column":39}}},"fnMap":{"0":{"name":"(anonymous_13)","decl":{"start":{"line":19,"column":2},"end":{"line":19,"column":null}},"loc":{"start":{"line":19,"column":2},"end":{"line":22,"column":null}}},"1":{"name":"(anonymous_16)","decl":{"start":{"line":29,"column":17},"end":{"line":29,"column":18}},"loc":{"start":{"line":29,"column":25},"end":{"line":46,"column":3}}},"2":{"name":"(anonymous_17)","decl":{"start":{"line":31,"column":41},"end":{"line":31,"column":42}},"loc":{"start":{"line":31,"column":47},"end":{"line":34,"column":7}}},"3":{"name":"(anonymous_18)","decl":{"start":{"line":35,"column":43},"end":{"line":35,"column":44}},"loc":{"start":{"line":35,"column":57},"end":{"line":39,"column":7}}},"4":{"name":"(anonymous_19)","decl":{"start":{"line":40,"column":42},"end":{"line":40,"column":43}},"loc":{"start":{"line":40,"column":56},"end":{"line":45,"column":7}}}},"branchMap":{"0":{"loc":{"start":{"line":20,"column":17},"end":{"line":20,"column":null}},"type":"switch","locations":[{"start":{"line":20,"column":17},"end":{"line":20,"column":null}}]},"1":{"loc":{"start":{"line":37,"column":28},"end":{"line":37,"column":48}},"type":"cond-expr","locations":[{"start":{"line":37,"column":42},"end":{"line":37,"column":46}},{"start":{"line":37,"column":46},"end":{"line":37,"column":48}}]},"2":{"loc":{"start":{"line":37,"column":28},"end":{"line":37,"column":46}},"type":"binary-expr","locations":[{"start":{"line":37,"column":28},"end":{"line":37,"column":46}},{"start":{"line":37,"column":42},"end":{"line":37,"column":46}}]},"3":{"loc":{"start":{"line":43,"column":10},"end":{"line":43,"column":68}},"type":"binary-expr","locations":[{"start":{"line":43,"column":10},"end":{"line":43,"column":30}},{"start":{"line":43,"column":34},"end":{"line":43,"column":68}}]}},"s":{"0":2,"1":2,"2":2,"3":2,"4":0,"5":0,"6":0,"7":0,"8":2,"9":2,"10":1,"11":1,"12":1,"13":1,"14":1,"15":1,"16":1,"17":1,"18":2},"f":{"0":0,"1":2,"2":1,"3":1,"4":1},"b":{"0":[0],"1":[1,0],"2":[1,1],"3":[1,0]}}
,"C:\\Users\\bilal737\\Desktop\\dev\\stellar-burgers\\src\\services\\slices\\ordersSlice.ts": {"path":"C:\\Users\\bilal737\\Desktop\\dev\\stellar-burgers\\src\\services\\slices\\ordersSlice.ts","statementMap":{"0":{"start":{"line":1,"column":0},"end":{"line":1,"column":65}},"1":{"start":{"line":2,"column":0},"end":{"line":2,"column":54}},"2":{"start":{"line":12,"column":35},"end":{"line":16,"column":2}},"3":{"start":{"line":18,"column":13},"end":{"line":21,"column":3}},"4":{"start":{"line":18,"column":66},"end":{"line":21,"column":2}},"5":{"start":{"line":19,"column":17},"end":{"line":19,"column":null}},"6":{"start":{"line":19,"column":8},"end":{"line":19,"column":null}},"7":{"start":{"line":20,"column":2},"end":{"line":20,"column":16}},"8":{"start":{"line":23,"column":20},"end":{"line":44,"column":2}},"9":{"start":{"line":28,"column":4},"end":{"line":42,"column":9}},"10":{"start":{"line":30,"column":8},"end":{"line":30,"column":31}},"11":{"start":{"line":31,"column":8},"end":{"line":31,"column":27}},"12":{"start":{"line":34,"column":8},"end":{"line":34,"column":32}},"13":{"start":{"line":35,"column":8},"end":{"line":35,"column":38}},"14":{"start":{"line":36,"column":8},"end":{"line":36,"column":27}},"15":{"start":{"line":39,"column":8},"end":{"line":39,"column":32}},"16":{"start":{"line":40,"column":8},"end":{"line":40,"column":76}},"17":{"start":{"line":41,"column":8},"end":{"line":41,"column":26}},"18":{"start":{"line":46,"column":0},"end":{"line":46,"column":35}},"19":{"start":{"line":49,"column":28},"end":{"line":49,"column":55}},"20":{"start":{"line":49,"column":50},"end":{"line":49,"column":70}},"21":{"start":{"line":49,"column":13},"end":{"line":49,"column":28}},"22":{"start":{"line":50,"column":35},"end":{"line":50,"column":62}},"23":{"start":{"line":50,"column":57},"end":{"line":50,"column":80}},"24":{"start":{"line":50,"column":13},"end":{"line":50,"column":35}},"25":{"start":{"line":51,"column":33},"end":{"line":51,"column":60}},"26":{"start":{"line":51,"column":55},"end":{"line":51,"column":74}},"27":{"start":{"line":51,"column":13},"end":{"line":51,"column":33}}},"fnMap":{"0":{"name":"(anonymous_13)","decl":{"start":{"line":18,"column":66},"end":{"line":18,"column":null}},"loc":{"start":{"line":18,"column":66},"end":{"line":21,"column":2}}},"1":{"name":"(anonymous_16)","decl":{"start":{"line":27,"column":17},"end":{"line":27,"column":18}},"loc":{"start":{"line":27,"column":25},"end":{"line":43,"column":3}}},"2":{"name":"(anonymous_17)","decl":{"start":{"line":29,"column":36},"end":{"line":29,"column":37}},"loc":{"start":{"line":29,"column":42},"end":{"line":32,"column":7}}},"3":{"name":"(anonymous_18)","decl":{"start":{"line":33,"column":38},"end":{"line":33,"column":39}},"loc":{"start":{"line":33,"column":52},"end":{"line":37,"column":7}}},"4":{"name":"(anonymous_19)","decl":{"start":{"line":38,"column":37},"end":{"line":38,"column":38}},"loc":{"start":{"line":38,"column":51},"end":{"line":42,"column":7}}},"5":{"name":"(anonymous_20)","decl":{"start":{"line":49,"column":28},"end":{"line":49,"column":29}},"loc":{"start":{"line":49,"column":45},"end":{"line":49,"column":55}}},"6":{"name":"(anonymous_21)","decl":{"start":{"line":50,"column":35},"end":{"line":50,"column":36}},"loc":{"start":{"line":50,"column":52},"end":{"line":50,"column":62}}},"7":{"name":"(anonymous_22)","decl":{"start":{"line":51,"column":33},"end":{"line":51,"column":34}},"loc":{"start":{"line":51,"column":50},"end":{"line":51,"column":60}}}},"branchMap":{"0":{"loc":{"start":{"line":19,"column":17},"end":{"line":19,"column":null}},"type":"switch","locations":[{"start":{"line":19,"column":17},"end":{"line":19,"column":null}}]},"1":{"loc":{"start":{"line":40,"column":22},"end":{"line":40,"column":75}},"type":"binary-expr","locations":[{"start":{"line":40,"column":22},"end":{"line":40,"column":42}},{"start":{"line":40,"column":46},"end":{"line":40,"column":75}}]}},"s":{"0":2,"1":2,"2":2,"3":2,"4":0,"5":0,"6":0,"7":0,"8":2,"9":2,"10":1,"11":1,"12":1,"13":1,"14":1,"15":1,"16":1,"17":1,"18":2,"19":2,"20":0,"21":2,"22":2,"23":0,"24":2,"25":2,"26":0,"27":2},"f":{"0":0,"1":2,"2":1,"3":1,"4":1,"5":0,"6":0,"7":0},"b":{"0":[0],"1":[1,0]}}
,"C:\\Users\\bilal737\\Desktop\\dev\\stellar-burgers\\src\\services\\slices\\userSlice.ts": {"path":"C:\\Users\\bilal737\\Desktop\\dev\\stellar-burgers\\src\\services\\slices\\userSlice.ts","statementMap":{"0":{"start":{"line":1,"column":0},"end":{"line":1,"column":75}},"1":{"start":{"line":2,"column":0},"end":{"line":2,"column":null}},"2":{"start":{"line":14,"column":0},"end":{"line":14,"column":50}},"3":{"start":{"line":23,"column":33},"end":{"line":28,"column":2}},"4":{"start":{"line":30,"column":13},"end":{"line":37,"column":2}},"5":{"start":{"line":32,"column":28},"end":{"line":36,"column":null}},"6":{"start":{"line":33,"column":21},"end":{"line":33,"column":null}},"7":{"start":{"line":33,"column":10},"end":{"line":33,"column":null}},"8":{"start":{"line":34,"column":4},"end":{"line":34,"column":64}},"9":{"start":{"line":35,"column":4},"end":{"line":35,"column":25}},"10":{"start":{"line":39,"column":13},"end":{"line":46,"column":2}},"11":{"start":{"line":41,"column":25},"end":{"line":45,"column":null}},"12":{"start":{"line":42,"column":21},"end":{"line":42,"column":null}},"13":{"start":{"line":42,"column":10},"end":{"line":42,"column":null}},"14":{"start":{"line":43,"column":4},"end":{"line":43,"column":64}},"15":{"start":{"line":44,"column":4},"end":{"line":44,"column":25}},"16":{"start":{"line":48,"column":13},"end":{"line":51,"column":3}},"17":{"start":{"line":48,"column":56},"end":{"line":51,"column":2}},"18":{"start":{"line":49,"column":19},"end":{"line":49,"column":null}},"19":{"start":{"line":49,"column":8},"end":{"line":49,"column":null}},"20":{"start":{"line":50,"column":2},"end":{"line":50,"column":23}},"21":{"start":{"line":53,"column":13},"end":{"line":59,"column":2}},"22":{"start":{"line":55,"column":37},"end":{"line":58,"column":null}},"23":{"start":{"line":56,"column":21},"end":{"line":56,"column":null}},"24":{"start":{"line":56,"column":10},"end":{"line":56,"column":null}},"25":{"start":{"line":57,"column":4},"end":{"line":57,"column":25}},"26":{"start":{"line":61,"column":13},"end":{"line":65,"column":3}},"27":{"start":{"line":61,"column":62},"end":{"line":65,"column":2}},"28":{"start":{"line":62,"column":2},"end":{"line":62,"column":20}},"29":{"start":{"line":63,"column":2},"end":{"line":63,"column":42}},"30":{"start":{"line":64,"column":2},"end":{"line":64,"column":30}},"31":{"start":{"line":67,"column":13},"end":{"line":72,"column":2}},"32":{"start":{"line":69,"column":22},"end":{"line":71,"column":null}},"33":{"start":{"line":70,"column":4},"end":{"line":70,"column":39}},"34":{"start":{"line":74,"column":13},"end":{"line":79,"column":2}},"35":{"start":{"line":76,"column":19},"end":{"line":76,"column":21}},"36":{"start":{"line":76,"column":26},"end":{"line":76,"column":65}},"37":{"start":{"line":77,"column":4},"end":{"line":77,"column":48}},"38":{"start":{"line":81,"column":18},"end":{"line":150,"column":2}},"39":{"start":{"line":86,"column":6},"end":{"line":86,"column":33}},"40":{"start":{"line":89,"column":6},"end":{"line":89,"column":25}},"41":{"start":{"line":93,"column":4},"end":{"line":148,"column":9}},"42":{"start":{"line":95,"column":8},"end":{"line":95,"column":31}},"43":{"start":{"line":96,"column":8},"end":{"line":96,"column":27}},"44":{"start":{"line":99,"column":8},"end":{"line":99,"column":32}},"45":{"start":{"line":100,"column":8},"end":{"line":100,"column":36}},"46":{"start":{"line":103,"column":8},"end":{"line":103,"column":32}},"47":{"start":{"line":104,"column":8},"end":{"line":104,"column":67}},"48":{"start":{"line":108,"column":8},"end":{"line":108,"column":31}},"49":{"start":{"line":109,"column":8},"end":{"line":109,"column":27}},"50":{"start":{"line":112,"column":8},"end":{"line":112,"column":32}},"51":{"start":{"line":113,"column":8},"end":{"line":113,"column":36}},"52":{"start":{"line":116,"column":8},"end":{"line":116,"column":32}},"53":{"start":{"line":117,"column":8},"end":{"line":117,"column":61}},"54":{"start":{"line":121,"column":8},"end":{"line":121,"column":31}},"55":{"start":{"line":124,"column":8},"end":{"line":124,"column":32}},"56":{"start":{"line":125,"column":8},"end":{"line":125,"column":36}},"57":{"start":{"line":126,"column":8},"end":{"line":126,"column":35}},"58":{"start":{"line":129,"column":8},"end":{"line":129,"column":32}},"59":{"start":{"line":130,"column":8},"end":{"line":130,"column":26}},"60":{"start":{"line":131,"column":8},"end":{"line":131,"column":35}},"61":{"start":{"line":134,"column":8},"end":{"line":134,"column":31}},"62":{"start":{"line":135,"column":8},"end":{"line":135,"column":27}},"63":{"start":{"line":138,"column":8},"end":{"line":138,"column":32}},"64":{"start":{"line":139,"column":8},"end":{"line":139,"column":36}},"65":{"start":{"line":142,"column":8},"end":{"line":142,"column":32}},"66":{"start":{"line":143,"column":8},"end":{"line":143,"column":74}},"67":{"start":{"line":146,"column":8},"end":{"line":146,"column":26}},"68":{"start":{"line":147,"column":8},"end":{"line":147,"column":35}},"69":{"start":{"line":152,"column":15},"end":{"line":152,"column":43}},"70":{"start":{"line":154,"column":0},"end":{"line":154,"column":33}},"71":{"start":{"line":156,"column":26},"end":{"line":156,"column":53}},"72":{"start":{"line":156,"column":48},"end":{"line":156,"column":64}},"73":{"start":{"line":156,"column":13},"end":{"line":156,"column":26}},"74":{"start":{"line":157,"column":28},"end":{"line":157,"column":57}},"75":{"start":{"line":157,"column":50},"end":{"line":157,"column":75}},"76":{"start":{"line":157,"column":13},"end":{"line":157,"column":28}},"77":{"start":{"line":158,"column":35},"end":{"line":159,"column":7}},"78":{"start":{"line":159,"column":2},"end":{"line":159,"column":27}},"79":{"start":{"line":158,"column":13},"end":{"line":158,"column":35}},"80":{"start":{"line":160,"column":33},"end":{"line":160,"column":60}},"81":{"start":{"line":160,"column":55},"end":{"line":160,"column":76}},"82":{"start":{"line":160,"column":13},"end":{"line":160,"column":33}},"83":{"start":{"line":161,"column":31},"end":{"line":161,"column":58}},"84":{"start":{"line":161,"column":53},"end":{"line":161,"column":70}},"85":{"start":{"line":161,"column":13},"end":{"line":161,"column":31}}},"fnMap":{"0":{"name":"(anonymous_13)","decl":{"start":{"line":32,"column":2},"end":{"line":32,"column":9}},"loc":{"start":{"line":32,"column":28},"end":{"line":36,"column":null}}},"1":{"name":"(anonymous_14)","decl":{"start":{"line":32,"column":28},"end":{"line":32,"column":null}},"loc":{"start":{"line":32,"column":28},"end":{"line":36,"column":null}}},"2":{"name":"(anonymous_16)","decl":{"start":{"line":41,"column":2},"end":{"line":41,"column":9}},"loc":{"start":{"line":41,"column":25},"end":{"line":45,"column":null}}},"3":{"name":"(anonymous_17)","decl":{"start":{"line":41,"column":25},"end":{"line":41,"column":null}},"loc":{"start":{"line":41,"column":25},"end":{"line":45,"column":null}}},"4":{"name":"(anonymous_19)","decl":{"start":{"line":48,"column":56},"end":{"line":48,"column":null}},"loc":{"start":{"line":48,"column":56},"end":{"line":51,"column":2}}},"5":{"name":"(anonymous_22)","decl":{"start":{"line":55,"column":2},"end":{"line":55,"column":9}},"loc":{"start":{"line":55,"column":37},"end":{"line":58,"column":null}}},"6":{"name":"(anonymous_23)","decl":{"start":{"line":55,"column":37},"end":{"line":55,"column":null}},"loc":{"start":{"line":55,"column":37},"end":{"line":58,"column":null}}},"7":{"name":"(anonymous_25)","decl":{"start":{"line":61,"column":62},"end":{"line":61,"column":null}},"loc":{"start":{"line":61,"column":62},"end":{"line":65,"column":2}}},"8":{"name":"(anonymous_28)","decl":{"start":{"line":69,"column":2},"end":{"line":69,"column":9}},"loc":{"start":{"line":69,"column":22},"end":{"line":71,"column":null}}},"9":{"name":"(anonymous_29)","decl":{"start":{"line":69,"column":22},"end":{"line":69,"column":null}},"loc":{"start":{"line":69,"column":22},"end":{"line":71,"column":null}}},"10":{"name":"(anonymous_31)","decl":{"start":{"line":76,"column":2},"end":{"line":76,"column":9}},"loc":{"start":{"line":76,"column":65},"end":{"line":78,"column":null}}},"11":{"name":"(anonymous_34)","decl":{"start":{"line":85,"column":17},"end":{"line":85,"column":18}},"loc":{"start":{"line":85,"column":23},"end":{"line":87,"column":5}}},"12":{"name":"(anonymous_35)","decl":{"start":{"line":88,"column":16},"end":{"line":88,"column":17}},"loc":{"start":{"line":88,"column":22},"end":{"line":90,"column":5}}},"13":{"name":"(anonymous_36)","decl":{"start":{"line":92,"column":17},"end":{"line":92,"column":18}},"loc":{"start":{"line":92,"column":25},"end":{"line":149,"column":3}}},"14":{"name":"(anonymous_37)","decl":{"start":{"line":94,"column":37},"end":{"line":94,"column":38}},"loc":{"start":{"line":94,"column":43},"end":{"line":97,"column":7}}},"15":{"name":"(anonymous_38)","decl":{"start":{"line":98,"column":39},"end":{"line":98,"column":40}},"loc":{"start":{"line":98,"column":53},"end":{"line":101,"column":7}}},"16":{"name":"(anonymous_39)","decl":{"start":{"line":102,"column":38},"end":{"line":102,"column":39}},"loc":{"start":{"line":102,"column":52},"end":{"line":105,"column":7}}},"17":{"name":"(anonymous_40)","decl":{"start":{"line":107,"column":34},"end":{"line":107,"column":35}},"loc":{"start":{"line":107,"column":40},"end":{"line":110,"column":7}}},"18":{"name":"(anonymous_41)","decl":{"start":{"line":111,"column":36},"end":{"line":111,"column":37}},"loc":{"start":{"line":111,"column":50},"end":{"line":114,"column":7}}},"19":{"name":"(anonymous_42)","decl":{"start":{"line":115,"column":35},"end":{"line":115,"column":36}},"loc":{"start":{"line":115,"column":49},"end":{"line":118,"column":7}}},"20":{"name":"(anonymous_43)","decl":{"start":{"line":120,"column":32},"end":{"line":120,"column":33}},"loc":{"start":{"line":120,"column":38},"end":{"line":122,"column":7}}},"21":{"name":"(anonymous_44)","decl":{"start":{"line":123,"column":34},"end":{"line":123,"column":35}},"loc":{"start":{"line":123,"column":48},"end":{"line":127,"column":7}}},"22":{"name":"(anonymous_45)","decl":{"start":{"line":128,"column":33},"end":{"line":128,"column":34}},"loc":{"start":{"line":128,"column":39},"end":{"line":132,"column":7}}},"23":{"name":"(anonymous_46)","decl":{"start":{"line":133,"column":35},"end":{"line":133,"column":36}},"loc":{"start":{"line":133,"column":41},"end":{"line":136,"column":7}}},"24":{"name":"(anonymous_47)","decl":{"start":{"line":137,"column":37},"end":{"line":137,"column":38}},"loc":{"start":{"line":137,"column":51},"end":{"line":140,"column":7}}},"25":{"name":"(anonymous_48)","decl":{"start":{"line":141,"column":36},"end":{"line":141,"column":37}},"loc":{"start":{"line":141,"column":50},"end":{"line":144,"column":7}}},"26":{"name":"(anonymous_49)","decl":{"start":{"line":145,"column":37},"end":{"line":145,"column":38}},"loc":{"start":{"line":145,"column":43},"end":{"line":148,"column":7}}},"27":{"name":"(anonymous_50)","decl":{"start":{"line":156,"column":26},"end":{"line":156,"column":27}},"loc":{"start":{"line":156,"column":43},"end":{"line":156,"column":53}}},"28":{"name":"(anonymous_51)","decl":{"start":{"line":157,"column":28},"end":{"line":157,"column":29}},"loc":{"start":{"line":157,"column":45},"end":{"line":157,"column":57}}},"29":{"name":"(anonymous_52)","decl":{"start":{"line":158,"column":35},"end":{"line":158,"column":36}},"loc":{"start":{"line":158,"column":52},"end":{"line":159,"column":7}}},"30":{"name":"(anonymous_53)","decl":{"start":{"line":160,"column":33},"end":{"line":160,"column":34}},"loc":{"start":{"line":160,"column":50},"end":{"line":160,"column":60}}},"31":{"name":"(anonymous_54)","decl":{"start":{"line":161,"column":31},"end":{"line":161,"column":32}},"loc":{"start":{"line":161,"column":48},"end":{"line":161,"column":58}}}},"branchMap":{"0":{"loc":{"start":{"line":33,"column":21},"end":{"line":33,"column":null}},"type":"switch","locations":[{"start":{"line":33,"column":21},"end":{"line":33,"column":null}}]},"1":{"loc":{"start":{"line":42,"column":21},"end":{"line":42,"column":null}},"type":"switch","locations":[{"start":{"line":42,"column":21},"end":{"line":42,"column":null}}]},"2":{"loc":{"start":{"line":49,"column":19},"end":{"line":49,"column":null}},"type":"switch","locations":[{"start":{"line":49,"column":19},"end":{"line":49,"column":null}}]},"3":{"loc":{"start":{"line":56,"column":21},"end":{"line":56,"column":null}},"type":"switch","locations":[{"start":{"line":56,"column":21},"end":{"line":56,"column":null}}]},"4":{"loc":{"start":{"line":62,"column":2},"end":{"line":62,"column":20}},"type":"switch","locations":[{"start":{"line":62,"column":2},"end":{"line":62,"column":20}}]},"5":{"loc":{"start":{"line":70,"column":4},"end":{"line":70,"column":39}},"type":"switch","locations":[{"start":{"line":70,"column":4},"end":{"line":70,"column":39}}]},"6":{"loc":{"start":{"line":77,"column":4},"end":{"line":77,"column":48}},"type":"switch","locations":[{"start":{"line":77,"column":4},"end":{"line":77,"column":48}}]},"7":{"loc":{"start":{"line":104,"column":22},"end":{"line":104,"column":66}},"type":"binary-expr","locations":[{"start":{"line":104,"column":22},"end":{"line":104,"column":42}},{"start":{"line":104,"column":46},"end":{"line":104,"column":66}}]},"8":{"loc":{"start":{"line":117,"column":22},"end":{"line":117,"column":60}},"type":"binary-expr","locations":[{"start":{"line":117,"column":22},"end":{"line":117,"column":42}},{"start":{"line":117,"column":46},"end":{"line":117,"column":60}}]},"9":{"loc":{"start":{"line":143,"column":22},"end":{"line":143,"column":73}},"type":"binary-expr","locations":[{"start":{"line":143,"column":22},"end":{"line":143,"column":42}},{"start":{"line":143,"column":46},"end":{"line":143,"column":73}}]}},"s":{"0":2,"1":2,"2":2,"3":2,"4":2,"5":0,"6":0,"7":0,"8":0,"9":0,"10":2,"11":0,"12":0,"13":0,"14":0,"15":0,"16":2,"17":0,"18":0,"19":0,"20":0,"21":2,"22":0,"23":0,"24":0,"25":0,"26":2,"27":0,"28":0,"29":0,"30":0,"31":2,"32":0,"33":0,"34":2,"35":0,"36":0,"37":0,"38":2,"39":0,"40":1,"41":2,"42":0,"43":0,"44":0,"45":0,"46":0,"47":0,"48":1,"49":1,"50":1,"51":1,"52":1,"53":1,"54":0,"55":1,"56":1,"57":1,"58":0,"59":0,"60":0,"61":0,"62":0,"63":0,"64":0,"65":0,"66":0,"67":1,"68":1,"69":2,"70":2,"71":2,"72":0,"73":2,"74":2,"75":0,"76":2,"77":2,"78":0,"79":2,"80":2,"81":0,"82":2,"83":2,"84":0,"85":2},"f":{"0":0,"1":0,"2":0,"3":0,"4":0,"5":0,"6":0,"7":0,"8":0,"9":0,"10":0,"11":0,"12":1,"13":2,"14":0,"15":0,"16":0,"17":1,"18":1,"19":1,"20":0,"21":1,"22":0,"23":0,"24":0,"25":0,"26":1,"27":0,"28":0,"29":0,"30":0,"31":0},"b":{"0":[0],"1":[0],"2":[0],"3":[0],"4":[0],"5":[0],"6":[0],"7":[0,0],"8":[1,0],"9":[0,0]}}
}
