TN:
SF:src\services\store.ts
FN:28,(anonymous_1)
FNF:1
FNH:0
FNDA:0,(anonymous_1)
DA:1,1
DA:2,1
DA:8,1
DA:9,1
DA:10,1
DA:11,1
DA:12,1
DA:14,1
DA:28,1
DA:29,1
DA:31,1
LF:11
LH:11
BRF:0
BRH:0
end_of_record
TN:
SF:src\services\slices\constructorSlice.ts
FN:29,(anonymous_15)
FN:29,(anonymous_16)
FN:40,(anonymous_18)
FN:47,(anonymous_19)
FN:51,(anonymous_20)
FN:54,(anonymous_21)
FN:57,(anonymous_22)
FN:66,(anonymous_23)
FN:70,(anonymous_24)
FN:75,(anonymous_25)
FN:77,(anonymous_26)
FN:81,(anonymous_27)
FN:86,(anonymous_28)
FN:104,(anonymous_29)
FN:106,(anonymous_30)
FN:108,(anonymous_31)
FNF:16
FNH:6
FNDA:0,(anonymous_15)
FNDA:0,(anonymous_16)
FNDA:11,(anonymous_18)
FNDA:11,(anonymous_19)
FNDA:1,(anonymous_20)
FNDA:1,(anonymous_21)
FNDA:2,(anonymous_22)
FNDA:0,(anonymous_23)
FNDA:0,(anonymous_24)
FNDA:2,(anonymous_25)
FNDA:0,(anonymous_26)
FNDA:0,(anonymous_27)
FNDA:0,(anonymous_28)
FNDA:0,(anonymous_29)
FNDA:0,(anonymous_30)
FNDA:0,(anonymous_31)
DA:1,2
DA:2,2
DA:5,2
DA:17,2
DA:27,2
DA:29,0
DA:30,0
DA:31,0
DA:35,2
DA:41,11
DA:42,3
DA:44,8
DA:47,11
DA:52,1
DA:54,1
DA:61,2
DA:62,2
DA:63,2
DA:64,2
DA:67,0
DA:68,0
DA:71,0
DA:72,0
DA:76,2
DA:78,0
DA:79,0
DA:82,0
DA:83,0
DA:84,0
DA:87,0
DA:88,0
DA:94,2
DA:101,2
DA:104,2
DA:105,0
DA:106,2
DA:107,0
DA:108,2
DA:109,0
LF:39
LH:22
BRDA:30,0,0,0
BRDA:41,1,0,3
BRDA:41,1,1,8
BRDA:88,2,0,0
BRDA:88,2,1,0
BRF:5
BRH:2
end_of_record
TN:
SF:src\services\slices\feedSlice.ts
FN:22,(anonymous_13)
FN:31,(anonymous_16)
FN:33,(anonymous_17)
FN:37,(anonymous_18)
FN:44,(anonymous_19)
FN:58,(anonymous_20)
FN:59,(anonymous_21)
FN:60,(anonymous_22)
FN:61,(anonymous_23)
FN:62,(anonymous_24)
FNF:10
FNH:4
FNDA:0,(anonymous_13)
FNDA:2,(anonymous_16)
FNDA:1,(anonymous_17)
FNDA:1,(anonymous_18)
FNDA:1,(anonymous_19)
FNDA:0,(anonymous_20)
FNDA:0,(anonymous_21)
FNDA:0,(anonymous_22)
FNDA:0,(anonymous_23)
FNDA:0,(anonymous_24)
DA:1,2
DA:2,2
DA:14,2
DA:22,2
DA:23,0
DA:24,0
DA:27,2
DA:32,2
DA:34,1
DA:35,1
DA:38,1
DA:39,1
DA:40,1
DA:41,1
DA:42,1
DA:45,1
DA:46,1
DA:48,1
DA:49,1
DA:50,1
DA:55,2
DA:58,2
DA:59,2
DA:60,2
DA:61,2
DA:62,2
LF:26
LH:24
BRDA:23,0,0,0
BRDA:47,1,0,1
BRDA:47,1,1,0
BRF:3
BRH:1
end_of_record
TN:
SF:src\services\slices\ingredientsSlice.ts
FN:19,(anonymous_13)
FN:29,(anonymous_16)
FN:31,(anonymous_17)
FN:35,(anonymous_18)
FN:40,(anonymous_19)
FNF:5
FNH:4
FNDA:0,(anonymous_13)
FNDA:2,(anonymous_16)
FNDA:1,(anonymous_17)
FNDA:1,(anonymous_18)
FNDA:1,(anonymous_19)
DA:1,2
DA:2,2
DA:11,2
DA:17,2
DA:19,0
DA:20,0
DA:21,0
DA:25,2
DA:30,2
DA:32,1
DA:33,1
DA:36,1
DA:37,1
DA:38,1
DA:41,1
DA:42,1
DA:44,1
DA:49,2
LF:18
LH:15
BRDA:20,0,0,0
BRDA:37,1,0,1
BRDA:37,1,1,0
BRDA:37,2,0,1
BRDA:37,2,1,1
BRDA:43,3,0,1
BRDA:43,3,1,0
BRF:7
BRH:4
end_of_record
TN:
SF:src\services\slices\ordersSlice.ts
FN:18,(anonymous_13)
FN:27,(anonymous_16)
FN:29,(anonymous_17)
FN:33,(anonymous_18)
FN:38,(anonymous_19)
FN:49,(anonymous_20)
FN:50,(anonymous_21)
FN:51,(anonymous_22)
FNF:8
FNH:4
FNDA:0,(anonymous_13)
FNDA:2,(anonymous_16)
FNDA:1,(anonymous_17)
FNDA:1,(anonymous_18)
FNDA:1,(anonymous_19)
FNDA:0,(anonymous_20)
FNDA:0,(anonymous_21)
FNDA:0,(anonymous_22)
DA:1,2
DA:2,2
DA:12,2
DA:18,2
DA:19,0
DA:20,0
DA:23,2
DA:28,2
DA:30,1
DA:31,1
DA:34,1
DA:35,1
DA:36,1
DA:39,1
DA:40,1
DA:41,1
DA:46,2
DA:49,2
DA:50,2
DA:51,2
LF:20
LH:18
BRDA:19,0,0,0
BRDA:40,1,0,1
BRDA:40,1,1,0
BRF:3
BRH:1
end_of_record
TN:
SF:src\services\slices\userSlice.ts
FN:32,(anonymous_13)
FN:32,(anonymous_14)
FN:41,(anonymous_16)
FN:41,(anonymous_17)
FN:48,(anonymous_19)
FN:55,(anonymous_22)
FN:55,(anonymous_23)
FN:61,(anonymous_25)
FN:69,(anonymous_28)
FN:69,(anonymous_29)
FN:76,(anonymous_31)
FN:85,(anonymous_34)
FN:88,(anonymous_35)
FN:92,(anonymous_36)
FN:94,(anonymous_37)
FN:98,(anonymous_38)
FN:102,(anonymous_39)
FN:107,(anonymous_40)
FN:111,(anonymous_41)
FN:115,(anonymous_42)
FN:120,(anonymous_43)
FN:123,(anonymous_44)
FN:128,(anonymous_45)
FN:133,(anonymous_46)
FN:137,(anonymous_47)
FN:141,(anonymous_48)
FN:145,(anonymous_49)
FN:156,(anonymous_50)
FN:157,(anonymous_51)
FN:158,(anonymous_52)
FN:160,(anonymous_53)
FN:161,(anonymous_54)
FNF:32
FNH:7
FNDA:0,(anonymous_13)
FNDA:0,(anonymous_14)
FNDA:0,(anonymous_16)
FNDA:0,(anonymous_17)
FNDA:0,(anonymous_19)
FNDA:0,(anonymous_22)
FNDA:0,(anonymous_23)
FNDA:0,(anonymous_25)
FNDA:0,(anonymous_28)
FNDA:0,(anonymous_29)
FNDA:0,(anonymous_31)
FNDA:0,(anonymous_34)
FNDA:1,(anonymous_35)
FNDA:2,(anonymous_36)
FNDA:0,(anonymous_37)
FNDA:0,(anonymous_38)
FNDA:0,(anonymous_39)
FNDA:1,(anonymous_40)
FNDA:1,(anonymous_41)
FNDA:1,(anonymous_42)
FNDA:0,(anonymous_43)
FNDA:1,(anonymous_44)
FNDA:0,(anonymous_45)
FNDA:0,(anonymous_46)
FNDA:0,(anonymous_47)
FNDA:0,(anonymous_48)
FNDA:1,(anonymous_49)
FNDA:0,(anonymous_50)
FNDA:0,(anonymous_51)
FNDA:0,(anonymous_52)
FNDA:0,(anonymous_53)
FNDA:0,(anonymous_54)
DA:1,2
DA:2,2
DA:14,2
DA:23,2
DA:30,2
DA:32,0
DA:33,0
DA:34,0
DA:35,0
DA:39,2
DA:41,0
DA:42,0
DA:43,0
DA:44,0
DA:48,2
DA:49,0
DA:50,0
DA:53,2
DA:55,0
DA:56,0
DA:57,0
DA:61,2
DA:62,0
DA:63,0
DA:64,0
DA:67,2
DA:69,0
DA:70,0
DA:74,2
DA:76,0
DA:77,0
DA:81,2
DA:86,0
DA:89,1
DA:93,2
DA:95,0
DA:96,0
DA:99,0
DA:100,0
DA:103,0
DA:104,0
DA:108,1
DA:109,1
DA:112,1
DA:113,1
DA:116,1
DA:117,1
DA:121,0
DA:124,1
DA:125,1
DA:126,1
DA:129,0
DA:130,0
DA:131,0
DA:134,0
DA:135,0
DA:138,0
DA:139,0
DA:142,0
DA:143,0
DA:146,1
DA:147,1
DA:152,2
DA:154,2
DA:156,2
DA:157,2
DA:158,2
DA:159,0
DA:160,2
DA:161,2
LF:70
LH:32
BRDA:33,0,0,0
BRDA:42,1,0,0
BRDA:49,2,0,0
BRDA:56,3,0,0
BRDA:62,4,0,0
BRDA:70,5,0,0
BRDA:77,6,0,0
BRDA:104,7,0,0
BRDA:104,7,1,0
BRDA:117,8,0,1
BRDA:117,8,1,0
BRDA:143,9,0,0
BRDA:143,9,1,0
BRF:13
BRH:1
end_of_record
